<?xml version="1.0" encoding="UTF-8"?>
<!-- Generated by org.testng.reporters.JUnitXMLReporter -->
<testsuite ignored="0" hostname="Dell-PC" failures="0" tests="7" name="Command line test" time="0.162" errors="0" timestamp="2020-08-14T12:16:19 IST">
  <testcase classname="Com.Qa.TestPackage.Test2_Maven" name="Multest" time="0.022"/>
  <testcase classname="Com.Qa.TestPackage.Test2_Maven" name="Subtest" time="0.001"/>
  <testcase classname="Com.Qa.TestPackage.Test2_Maven" name="Sumtest" time="0.0"/>
  <testcase classname="Com.Qa.TestPackage.Test_Maven" name="Divtest" time="0.0"/>
  <testcase classname="Com.Qa.TestPackage.Test_Maven" name="Multest" time="0.0"/>
  <testcase classname="Com.Qa.TestPackage.Test_Maven" name="Subtest" time="0.001"/>
  <testcase classname="Com.Qa.TestPackage.Test_Maven" name="Sumtest" time="0.001"/>
</testsuite> <!-- Command line test -->
