<?xml version="1.0" encoding="UTF-8"?>
<testng-results ignored="0" total="7" passed="7" failed="0" skipped="0">
  <reporter-output>
  </reporter-output>
  <suite started-at="2020-08-14T12:16:18 IST" name="Command line suite" finished-at="2020-08-14T12:16:18 IST" duration-ms="162">
    <groups>
    </groups>
    <test started-at="2020-08-14T12:16:18 IST" name="Command line test" finished-at="2020-08-14T12:16:18 IST" duration-ms="162">
      <class name="Com.Qa.TestPackage.Test2_Maven">
        <test-method signature="Multest()[pri:0, instance:Com.Qa.TestPackage.Test2_Maven@4facf68f]" started-at="2020-08-14T12:16:18 IST" name="Multest" finished-at="2020-08-14T12:16:18 IST" duration-ms="22" status="PASS">
          <reporter-output>
          </reporter-output>
        </test-method> <!-- Multest -->
        <test-method signature="Subtest()[pri:0, instance:Com.Qa.TestPackage.Test2_Maven@4facf68f]" started-at="2020-08-14T12:16:18 IST" name="Subtest" finished-at="2020-08-14T12:16:18 IST" duration-ms="1" status="PASS">
          <reporter-output>
          </reporter-output>
        </test-method> <!-- Subtest -->
        <test-method signature="Sumtest()[pri:0, instance:Com.Qa.TestPackage.Test2_Maven@4facf68f]" started-at="2020-08-14T12:16:18 IST" name="Sumtest" finished-at="2020-08-14T12:16:18 IST" duration-ms="0" status="PASS">
          <reporter-output>
          </reporter-output>
        </test-method> <!-- Sumtest -->
      </class> <!-- Com.Qa.TestPackage.Test2_Maven -->
      <class name="Com.Qa.TestPackage.Test_Maven">
        <test-method signature="Divtest()[pri:0, instance:Com.Qa.TestPackage.Test_Maven@76508ed1]" started-at="2020-08-14T12:16:18 IST" name="Divtest" finished-at="2020-08-14T12:16:18 IST" duration-ms="0" status="PASS">
          <reporter-output>
          </reporter-output>
        </test-method> <!-- Divtest -->
        <test-method signature="Multest()[pri:0, instance:Com.Qa.TestPackage.Test_Maven@76508ed1]" started-at="2020-08-14T12:16:18 IST" name="Multest" finished-at="2020-08-14T12:16:18 IST" duration-ms="0" status="PASS">
          <reporter-output>
          </reporter-output>
        </test-method> <!-- Multest -->
        <test-method signature="Subtest()[pri:0, instance:Com.Qa.TestPackage.Test_Maven@76508ed1]" started-at="2020-08-14T12:16:18 IST" name="Subtest" finished-at="2020-08-14T12:16:18 IST" duration-ms="1" status="PASS">
          <reporter-output>
          </reporter-output>
        </test-method> <!-- Subtest -->
        <test-method signature="Sumtest()[pri:0, instance:Com.Qa.TestPackage.Test_Maven@76508ed1]" started-at="2020-08-14T12:16:18 IST" name="Sumtest" finished-at="2020-08-14T12:16:18 IST" duration-ms="1" status="PASS">
          <reporter-output>
          </reporter-output>
        </test-method> <!-- Sumtest -->
      </class> <!-- Com.Qa.TestPackage.Test_Maven -->
    </test> <!-- Command line test -->
  </suite> <!-- Command line suite -->
</testng-results>
